2026-03-27 13:05:04,038 [INFO] Activator:176 - 


2026-03-27 13:05:04,041 [INFO] Activator:177 - !SESSION log4j initialized
2026-03-27 13:05:05,687 [ERROR] LogOutputStream:75 - [STDERR_REDIRECT] 
2026-03-27 13:05:07,576 [INFO] LogOutputStream:77 - [STDOUT_REDIRECT] 
2026-03-27 13:05:09,537 [INFO] ApplicationProperties:184 - Using Application install path: /Applications/STM32CubeIDE.app/Contents/Eclipse/plugins/com.st.stm32cube.common.mx_6.15.0.202507011659
2026-03-27 13:05:09,548 [INFO] DbMcusXml:78 - Set database path to: /Applications/STM32CubeIDE.app/Contents/Eclipse/plugins/com.st.stm32cube.common.mx_6.15.0.202507011659//db//mcu/
2026-03-27 13:05:09,548 [INFO] ApiDb:274 - Set plugin database path to: /Applications/STM32CubeIDE.app/Contents/Eclipse/plugins/com.st.stm32cube.common.mx_6.15.0.202507011659//db//plugins/boardmanager/
2026-03-27 13:05:09,548 [WARN] ApiDb:259 - Overriding images path with different value:  => /Applications/STM32CubeIDE.app/Contents/Eclipse/plugins/com.st.stm32cube.common.mx_6.15.0.202507011659//db//plugins/mcufinder/images/
2026-03-27 13:05:09,554 [INFO] ApiDb:250 - Set database path to: /Users/bylka/.stmcufinder/plugins/mcufinder//mcu/
2026-03-27 13:05:09,555 [INFO] DbMcusAds:125 - Set database path to: /Users/bylka/.stmcufinder/plugins/mcufinder//mcu/
2026-03-27 13:05:09,556 [INFO] CrossReferenceDbSqlite:203 - Set database path to: /Users/bylka/.stmcufinder/plugins/mcufinder//mcu/cs/
2026-03-27 13:05:09,689 [INFO] RulesReader:64 - Compatibility file has been processed (317 Rules)
2026-03-27 13:05:09,797 [INFO] DbMcusXml:78 - Set database path to: /Applications/STM32CubeIDE.app/Contents/Eclipse/plugins/com.st.stm32cube.common.mx_6.15.0.202507011659//db//mcu/
2026-03-27 13:05:09,798 [INFO] ApiDb:274 - Set plugin database path to: /Applications/STM32CubeIDE.app/Contents/Eclipse/plugins/com.st.stm32cube.common.mx_6.15.0.202507011659//db//plugins/boardmanager/
2026-03-27 13:05:09,798 [INFO] ApiDb:261 - Set plugin images path to: /Applications/STM32CubeIDE.app/Contents/Eclipse/plugins/com.st.stm32cube.common.mx_6.15.0.202507011659//db//plugins/mcufinder/images/
2026-03-27 13:05:09,799 [WARN] DbFile:41 - Overriding database path with different value: /Users/bylka/.stmcufinder/plugins/mcufinder/ => /Users/bylka/.stmcufinder/plugins/mcufinder
2026-03-27 13:05:09,799 [INFO] ApiDb:250 - Set database path to: /Users/bylka/.stmcufinder/plugins/mcufinder//mcu/
2026-03-27 13:05:09,799 [WARN] DbFile:41 - Overriding database path with different value: /Users/bylka/.stmcufinder/plugins/mcufinder/ => /Users/bylka/.stmcufinder/plugins/mcufinder
2026-03-27 13:05:09,799 [INFO] DbMcusAds:125 - Set database path to: /Users/bylka/.stmcufinder/plugins/mcufinder//mcu/
2026-03-27 13:05:09,799 [WARN] DbFile:41 - Overriding database path with different value: /Users/bylka/.stmcufinder/plugins/mcufinder/ => /Users/bylka/.stmcufinder/plugins/mcufinder
2026-03-27 13:05:09,799 [WARN] DbFile:41 - Overriding database path with different value: /Users/bylka/.stmcufinder/plugins/mcufinder/ => /Users/bylka/.stmcufinder/plugins/mcufinder
2026-03-27 13:05:09,799 [INFO] CrossReferenceDbSqlite:203 - Set database path to: /Users/bylka/.stmcufinder/plugins/mcufinder//mcu/cs/
2026-03-27 13:05:09,872 [INFO] MainPanel:274 - HeapMemory: 334495744
2026-03-27 13:05:10,317 [INFO] DbMcusXml:78 - Set database path to: /Applications/STM32CubeIDE.app/Contents/Eclipse/plugins/com.st.stm32cube.common.mx_6.15.0.202507011659//db//mcu/
2026-03-27 13:05:10,317 [INFO] ApiDb:274 - Set plugin database path to: /Applications/STM32CubeIDE.app/Contents/Eclipse/plugins/com.st.stm32cube.common.mx_6.15.0.202507011659//db//plugins/boardmanager/
2026-03-27 13:05:10,317 [INFO] ApiDb:261 - Set plugin images path to: /Applications/STM32CubeIDE.app/Contents/Eclipse/plugins/com.st.stm32cube.common.mx_6.15.0.202507011659//db//plugins/mcufinder/images/
2026-03-27 13:05:10,317 [WARN] DbFile:41 - Overriding database path with different value: /Users/bylka/.stmcufinder/plugins/mcufinder/ => /Users/bylka/.stmcufinder/plugins/mcufinder
2026-03-27 13:05:10,317 [INFO] ApiDb:250 - Set database path to: /Users/bylka/.stmcufinder/plugins/mcufinder//mcu/
2026-03-27 13:05:10,317 [WARN] DbFile:41 - Overriding database path with different value: /Users/bylka/.stmcufinder/plugins/mcufinder/ => /Users/bylka/.stmcufinder/plugins/mcufinder
2026-03-27 13:05:10,318 [INFO] DbMcusAds:125 - Set database path to: /Users/bylka/.stmcufinder/plugins/mcufinder//mcu/
2026-03-27 13:05:10,318 [WARN] DbFile:41 - Overriding database path with different value: /Users/bylka/.stmcufinder/plugins/mcufinder/ => /Users/bylka/.stmcufinder/plugins/mcufinder
2026-03-27 13:05:10,318 [WARN] DbFile:41 - Overriding database path with different value: /Users/bylka/.stmcufinder/plugins/mcufinder/ => /Users/bylka/.stmcufinder/plugins/mcufinder
2026-03-27 13:05:10,318 [INFO] CrossReferenceDbSqlite:203 - Set database path to: /Users/bylka/.stmcufinder/plugins/mcufinder//mcu/cs/
2026-03-27 13:05:10,337 [INFO] ApplicationProperties:184 - Using Application install path: /Applications/STM32CubeIDE.app/Contents/Eclipse/plugins/com.st.stm32cube.common.mx_6.15.0.202507011659
2026-03-27 13:05:10,339 [INFO] PluginManage:196 - Search for loadable plugins [exclusion list=, ]
2026-03-27 13:05:10,341 [INFO] PluginManage:310 - Check plugin analytics
2026-03-27 13:05:10,599 [INFO] AnalyticsPlugin:253 - Accepted Software Licenses: 
2026-03-27 13:05:10,600 [INFO] AnalyticsPlugin:255 - Accepted CMSIS Pack Licenses: 
2026-03-27 13:05:10,600 [INFO] AnalyticsPlugin:257 - Accepted Firmware Licenses: FW.L4.1.18.0
2026-03-27 13:05:10,608 [INFO] PluginManage:359 - Loaded plugin analytics (category:tool,tabindex:-1)
2026-03-27 13:05:10,610 [INFO] PluginManage:310 - Check plugin cadmodel
2026-03-27 13:05:10,622 [INFO] CADModel:105 - Init CAD model plugin
2026-03-27 13:05:10,622 [INFO] PluginManage:359 - Loaded plugin cadmodel (category:power,tabindex:5)
2026-03-27 13:05:10,622 [INFO] PluginManage:310 - Check plugin clock
2026-03-27 13:05:10,631 [INFO] PluginManage:359 - Loaded plugin clock (category:base,tabindex:2)
2026-03-27 13:05:10,631 [INFO] PluginManage:310 - Check plugin ddr
2026-03-27 13:05:10,632 [INFO] PluginManage:359 - Loaded plugin ddr (category:tool,tabindex:6)
2026-03-27 13:05:10,633 [INFO] PluginManage:310 - Check plugin filemanager
2026-03-27 13:05:11,186 [INFO] PluginManage:359 - Loaded plugin filemanager (category:base,tabindex:10)
2026-03-27 13:05:11,194 [INFO] PluginManage:310 - Check plugin ipmanager
2026-03-27 13:05:11,256 [INFO] PluginManage:359 - Loaded plugin ipmanager (category:base,tabindex:5)
2026-03-27 13:05:11,258 [INFO] PluginManage:310 - Check plugin lpbam
2026-03-27 13:05:11,288 [INFO] PluginManage:359 - Loaded plugin lpbam (category:base,tabindex:0)
2026-03-27 13:05:11,288 [INFO] PluginManage:310 - Check plugin memorymap
2026-03-27 13:05:11,302 [INFO] PluginManage:359 - Loaded plugin memorymap (category:base,tabindex:4)
2026-03-27 13:05:11,302 [INFO] PluginManage:310 - Check plugin pinoutandconfiguration
2026-03-27 13:05:11,309 [INFO] PluginManage:359 - Loaded plugin pinoutandconfiguration (category:base,tabindex:1)
2026-03-27 13:05:11,309 [INFO] PluginManage:310 - Check plugin pinoutconfig
2026-03-27 13:05:11,409 [WARN] SupportedApi:132 - Cannot load RTOS API schema: s4s-elt-must-match.1: The content of 'definitions' must match (annotation?, (simpleType | complexType)?, (unique | key | keyref)*)). A problem was found starting at: attribute.
2026-03-27 13:05:11,614 [INFO] PluginManage:359 - Loaded plugin pinoutconfig (category:base,tabindex:0)
2026-03-27 13:05:11,614 [INFO] PluginManage:310 - Check plugin power
2026-03-27 13:05:11,627 [INFO] PluginManage:359 - Loaded plugin power (category:power,tabindex:4)
2026-03-27 13:05:11,627 [INFO] PluginManage:310 - Check plugin projectmanager
2026-03-27 13:05:11,659 [INFO] PluginManage:359 - Loaded plugin projectmanager (category:projectmanager,tabindex:4)
2026-03-27 13:05:11,659 [INFO] PluginManage:310 - Check plugin rif
2026-03-27 13:05:11,666 [INFO] PluginManage:359 - Loaded plugin rif (category:base,tabindex:3)
2026-03-27 13:05:11,666 [INFO] PluginManage:310 - Check plugin thirdparty
2026-03-27 13:05:11,862 [INFO] PluginManage:359 - Loaded plugin thirdparty (category:base,tabindex:-1)
2026-03-27 13:05:11,862 [INFO] PluginManage:310 - Check plugin tools
2026-03-27 13:05:11,868 [INFO] PluginManage:359 - Loaded plugin tools (category:base,tabindex:7)
2026-03-27 13:05:11,868 [INFO] PluginManage:310 - Check plugin tutovideos
2026-03-27 13:05:11,862 [WARN] IntegrityCheckThread:84 - waiting for thirdparty lock release [integrity check]
2026-03-27 13:05:11,868 [INFO] IntegrityCheckThread:86 - entering critical section [integrity check]
2026-03-27 13:05:11,870 [INFO] ThirdPartyUpdaterWithRetryManager:70 - Updater plugin not ready yet. [1/15]
2026-03-27 13:05:12,049 [INFO] PluginManage:359 - Loaded plugin tutovideos (category:base,tabindex:-1)
2026-03-27 13:05:12,050 [INFO] PluginManage:310 - Check plugin updater
2026-03-27 13:05:12,081 [INFO] PluginManage:359 - Loaded plugin updater (category:base,tabindex:12)
2026-03-27 13:05:12,081 [INFO] PluginManage:310 - Check plugin userauth
2026-03-27 13:05:12,086 [INFO] UserAuth:118 - Init User Auth plugin
2026-03-27 13:05:12,088 [INFO] PluginManage:359 - Loaded plugin userauth (category:base,tabindex:14)
2026-03-27 13:05:12,089 [INFO] PluginManage:283 - PluginManage : Loaded plugins [18]
2026-03-27 13:05:12,343 [INFO] PinOutPanel:1589 - setPackage(No Configuration,No Configuration)
2026-03-27 13:05:12,413 [INFO] CADModel:165 - CPN selected for project level
2026-03-27 13:05:12,414 [INFO] CADModel:114 - Register for checkConnection events
2026-03-27 13:05:12,424 [INFO] IPUIPlugin:80 - create IPUIPlugin
2026-03-27 13:05:12,424 [INFO] PluginManager:220 - loadIPPluginJar : add mdma
2026-03-27 13:05:12,429 [INFO] IPUIPlugin:80 - create IPUIPlugin
2026-03-27 13:05:12,430 [INFO] PluginManager:220 - loadIPPluginJar : add freertos
2026-03-27 13:05:12,433 [INFO] IPUIPlugin:80 - create IPUIPlugin
2026-03-27 13:05:12,433 [INFO] PluginManager:220 - loadIPPluginJar : add gic
2026-03-27 13:05:12,439 [INFO] IPUIPlugin:80 - create IPUIPlugin
2026-03-27 13:05:12,439 [INFO] PluginManager:220 - loadIPPluginJar : add adc
2026-03-27 13:05:12,440 [INFO] IPUIPlugin:80 - create IPUIPlugin
2026-03-27 13:05:12,440 [INFO] PluginManager:220 - loadIPPluginJar : add gtzc
2026-03-27 13:05:12,441 [INFO] IPUIPlugin:80 - create IPUIPlugin
2026-03-27 13:05:12,441 [INFO] PluginManager:220 - loadIPPluginJar : add quadspi
2026-03-27 13:05:12,442 [INFO] IPUIPlugin:80 - create IPUIPlugin
2026-03-27 13:05:12,442 [INFO] PluginManager:220 - loadIPPluginJar : add aes
2026-03-27 13:05:12,444 [INFO] IPUIPlugin:80 - create IPUIPlugin
2026-03-27 13:05:12,444 [INFO] PluginManager:220 - loadIPPluginJar : add pdm2pcm
2026-03-27 13:05:12,445 [INFO] IPUIPlugin:80 - create IPUIPlugin
2026-03-27 13:05:12,445 [INFO] PluginManager:220 - loadIPPluginJar : add hash
2026-03-27 13:05:12,446 [INFO] IPUIPlugin:80 - create IPUIPlugin
2026-03-27 13:05:12,446 [INFO] PluginManager:220 - loadIPPluginJar : add tim
2026-03-27 13:05:12,447 [INFO] IPUIPlugin:80 - create IPUIPlugin
2026-03-27 13:05:12,447 [INFO] PluginManager:220 - loadIPPluginJar : add tsc
2026-03-27 13:05:12,449 [INFO] IPUIPlugin:80 - create IPUIPlugin
2026-03-27 13:05:12,449 [INFO] PluginManager:220 - loadIPPluginJar : add extmemmanager
2026-03-27 13:05:12,450 [INFO] IPUIPlugin:80 - create IPUIPlugin
2026-03-27 13:05:12,450 [INFO] PluginManager:220 - loadIPPluginJar : add ts
2026-03-27 13:05:12,451 [INFO] IPUIPlugin:80 - create IPUIPlugin
2026-03-27 13:05:12,451 [INFO] PluginManager:220 - loadIPPluginJar : add radio
2026-03-27 13:05:12,452 [INFO] IPUIPlugin:80 - create IPUIPlugin
2026-03-27 13:05:12,453 [INFO] PluginManager:220 - loadIPPluginJar : add can
2026-03-27 13:05:12,454 [INFO] IPUIPlugin:80 - create IPUIPlugin
2026-03-27 13:05:12,454 [INFO] PluginManager:220 - loadIPPluginJar : add dma3
2026-03-27 13:05:12,455 [INFO] IPUIPlugin:80 - create IPUIPlugin
2026-03-27 13:05:12,456 [INFO] PluginManager:220 - loadIPPluginJar : add dfsdm
2026-03-27 13:05:12,456 [INFO] IPUIPlugin:80 - create IPUIPlugin
2026-03-27 13:05:12,457 [INFO] PluginManager:220 - loadIPPluginJar : add spi
2026-03-27 13:05:12,457 [INFO] IPUIPlugin:80 - create IPUIPlugin
2026-03-27 13:05:12,458 [INFO] PluginManager:220 - loadIPPluginJar : add gfxmmu
2026-03-27 13:05:12,460 [INFO] IPUIPlugin:80 - create IPUIPlugin
2026-03-27 13:05:12,460 [INFO] PluginManager:220 - loadIPPluginJar : add genericplugin
2026-03-27 13:05:12,460 [INFO] IPUIPlugin:80 - create IPUIPlugin
2026-03-27 13:05:12,460 [INFO] PluginManager:220 - loadIPPluginJar : add cryp
2026-03-27 13:05:12,463 [INFO] IPUIPlugin:80 - create IPUIPlugin
2026-03-27 13:05:12,463 [INFO] PluginManager:220 - loadIPPluginJar : add gpio
2026-03-27 13:05:12,465 [INFO] IPUIPlugin:80 - create IPUIPlugin
2026-03-27 13:05:12,465 [INFO] PluginManager:220 - loadIPPluginJar : add ddr_ctrl_phy
2026-03-27 13:05:12,466 [INFO] IPUIPlugin:80 - create IPUIPlugin
2026-03-27 13:05:12,467 [INFO] PluginManager:220 - loadIPPluginJar : add comp
2026-03-27 13:05:12,468 [INFO] IPUIPlugin:80 - create IPUIPlugin
2026-03-27 13:05:12,469 [INFO] PluginManager:220 - loadIPPluginJar : add tracer_emb
2026-03-27 13:05:12,470 [INFO] IPUIPlugin:80 - create IPUIPlugin
2026-03-27 13:05:12,470 [INFO] PluginManager:220 - loadIPPluginJar : add openamp
2026-03-27 13:05:12,477 [INFO] IPUIPlugin:80 - create IPUIPlugin
2026-03-27 13:05:12,477 [INFO] PluginManager:220 - loadIPPluginJar : add stm32_wpan
2026-03-27 13:05:12,481 [INFO] IPUIPlugin:80 - create IPUIPlugin
2026-03-27 13:05:12,485 [INFO] PluginManager:220 - loadIPPluginJar : add plateformsettings
2026-03-27 13:05:12,486 [INFO] IPUIPlugin:80 - create IPUIPlugin
2026-03-27 13:05:12,487 [INFO] PluginManager:220 - loadIPPluginJar : add ipddr
2026-03-27 13:05:12,488 [INFO] IPUIPlugin:80 - create IPUIPlugin
2026-03-27 13:05:12,488 [INFO] PluginManager:220 - loadIPPluginJar : add usart
2026-03-27 13:05:12,488 [INFO] IPUIPlugin:80 - create IPUIPlugin
2026-03-27 13:05:12,489 [INFO] PluginManager:220 - loadIPPluginJar : add ltdc
2026-03-27 13:05:12,491 [INFO] IPUIPlugin:80 - create IPUIPlugin
2026-03-27 13:05:12,491 [INFO] PluginManager:220 - loadIPPluginJar : add nvic
2026-03-27 13:05:12,492 [INFO] IPUIPlugin:80 - create IPUIPlugin
2026-03-27 13:05:12,492 [INFO] PluginManager:220 - loadIPPluginJar : add fatfs
2026-03-27 13:05:12,496 [INFO] IPUIPlugin:80 - create IPUIPlugin
2026-03-27 13:05:12,497 [INFO] PluginManager:220 - loadIPPluginJar : add linkedlist
2026-03-27 13:05:12,500 [INFO] IPUIPlugin:80 - create IPUIPlugin
2026-03-27 13:05:12,500 [INFO] PluginManager:220 - loadIPPluginJar : add dma
2026-03-27 13:05:12,502 [INFO] IPUIPlugin:80 - create IPUIPlugin
2026-03-27 13:05:12,502 [INFO] PluginManager:220 - loadIPPluginJar : add fmc
2026-03-27 13:05:12,504 [INFO] IPUIPlugin:80 - create IPUIPlugin
2026-03-27 13:05:12,504 [INFO] PluginManager:220 - loadIPPluginJar : add i2s
2026-03-27 13:05:12,505 [INFO] IPUIPlugin:80 - create IPUIPlugin
2026-03-27 13:05:12,505 [INFO] PluginManager:220 - loadIPPluginJar : add ucpd
2026-03-27 13:05:12,506 [INFO] IPUIPlugin:80 - create IPUIPlugin
2026-03-27 13:05:12,507 [INFO] PluginManager:220 - loadIPPluginJar : add lorawan
2026-03-27 13:05:12,509 [INFO] IPUIPlugin:80 - create IPUIPlugin
2026-03-27 13:05:12,509 [INFO] PluginManager:220 - loadIPPluginJar : add opamp
2026-03-27 13:05:12,511 [INFO] IPUIPlugin:80 - create IPUIPlugin
2026-03-27 13:05:12,511 [INFO] PluginManager:220 - loadIPPluginJar : add i3c
2026-03-27 13:05:12,513 [INFO] IPUIPlugin:80 - create IPUIPlugin
2026-03-27 13:05:12,513 [INFO] PluginManager:220 - loadIPPluginJar : add touchsensing
2026-03-27 13:05:12,516 [INFO] IPUIPlugin:80 - create IPUIPlugin
2026-03-27 13:05:12,516 [INFO] PluginManager:220 - loadIPPluginJar : add i2c
2026-03-27 13:05:12,518 [INFO] IPUIPlugin:80 - create IPUIPlugin
2026-03-27 13:05:12,518 [INFO] PluginManager:220 - loadIPPluginJar : add resmgrutility
2026-03-27 13:05:12,519 [INFO] IPUIPlugin:80 - create IPUIPlugin
2026-03-27 13:05:12,520 [INFO] PluginManager:220 - loadIPPluginJar : add sai
2026-03-27 13:05:12,521 [INFO] IPUIPlugin:80 - create IPUIPlugin
2026-03-27 13:05:12,521 [INFO] PluginManager:220 - loadIPPluginJar : add usbx
2026-03-27 13:05:12,641 [FATAL] Updater:351 - Updater called before beeing initialized
2026-03-27 13:05:12,691 [INFO] RulesReader:64 - Compatibility file has been processed (317 Rules)
2026-03-27 13:05:12,705 [INFO] RulesReader:64 - Compatibility file has been processed (317 Rules)
2026-03-27 13:05:12,715 [INFO] CADModel:165 - CPN selected for project level
2026-03-27 13:05:12,715 [INFO] CADModel:114 - Register for checkConnection events
2026-03-27 13:05:12,715 [FATAL] Updater:351 - Updater called before beeing initialized
2026-03-27 13:05:12,715 [ERROR] CADModel:125 - Updater not yet initialized, retry later 
2026-03-27 13:05:13,324 [FATAL] Updater:351 - Updater called before beeing initialized
2026-03-27 13:05:13,326 [INFO] CADModel:165 - CPN selected for project level
2026-03-27 13:05:13,326 [INFO] CADModel:114 - Register for checkConnection events
2026-03-27 13:05:13,326 [FATAL] Updater:351 - Updater called before beeing initialized
2026-03-27 13:05:13,326 [ERROR] CADModel:125 - Updater not yet initialized, retry later 
2026-03-27 13:05:13,329 [FATAL] Updater:351 - Updater called before beeing initialized
2026-03-27 13:05:13,501 [FATAL] Updater:351 - Updater called before beeing initialized
2026-03-27 13:05:13,506 [INFO] DbMcusAds:53 - JSON generation date=Thu Mar 05 16:32:52 EET 2026 (1772721172890)
2026-03-27 13:05:13,507 [FATAL] Updater:351 - Updater called before beeing initialized
2026-03-27 13:05:13,558 [WARN] DetailPanel:346 - Failed to get advertising image, set to default
2026-03-27 13:05:13,626 [FATAL] Updater:351 - Updater called before beeing initialized
2026-03-27 13:05:13,631 [FATAL] Updater:351 - Updater called before beeing initialized
2026-03-27 13:05:13,632 [FATAL] Updater:351 - Updater called before beeing initialized
2026-03-27 13:05:13,633 [WARN] DetailPanel:346 - Failed to get advertising image, set to default
2026-03-27 13:05:13,637 [FATAL] Updater:351 - Updater called before beeing initialized
2026-03-27 13:05:13,688 [ERROR] Updater:1198 - MainUpdater not yet initialized. External WinMGr cannot be set.
2026-03-27 13:05:13,698 [INFO] Updater:1134 - Updater Version found : 6.15.0
2026-03-27 13:05:13,712 [INFO] ApplicationProperties:184 - Using Application install path: /Applications/STM32CubeIDE.app/Contents/Eclipse/plugins/com.st.stm32cube.common.mx_6.15.0.202507011659
2026-03-27 13:05:14,282 [INFO] MainUpdater:2872 - connection check result : 10
2026-03-27 13:05:14,282 [INFO] MainUpdater:289 - Updater Check For Update Now.
2026-03-27 13:05:14,282 [INFO] MicroXplorer:498 - Change Database Version : DB.6.0.150
2026-03-27 13:05:14,288 [INFO] McuFinderGlobals:63 - Set McuFinder mode to 2 (CubeIDE integrated)
2026-03-27 13:05:14,291 [INFO] UserAuth:487 - Internet connection configuration mode: 1
2026-03-27 13:05:14,305 [INFO] JxBrowserEngine:152 - Initiate JxBrowser Engine with user profile folder
2026-03-27 13:05:14,564 [INFO] CheckServerUpdateThread:120 - End of CheckServer Thread
2026-03-27 13:05:15,092 [WARN] PackLoader:240 - Cannot read IP mode file for STMicroelectronics.X-CUBE-AZRTOS-H7.3.5.0
2026-03-27 13:05:15,136 [WARN] PackLoader:240 - Cannot read IP mode file for STMicroelectronics.FP-SNS-MOTENVWB1.1.4.0
2026-03-27 13:05:15,152 [WARN] PackLoader:240 - Cannot read IP mode file for STMicroelectronics.FP-ATR-ASTRA1.2.0.2
2026-03-27 13:05:15,163 [WARN] PackLoader:240 - Cannot read IP mode file for STMicroelectronics.X-CUBE-SMBUS.2.1.0
2026-03-27 13:05:15,205 [WARN] PackLoader:240 - Cannot read IP mode file for STMicroelectronics.X-CUBE-AZRTOS-F7.1.1.0
2026-03-27 13:05:15,240 [WARN] PackLoader:240 - Cannot read IP mode file for STMicroelectronics.FP-SNS-MOTENV1.5.1.0
2026-03-27 13:05:15,280 [WARN] PackLoader:240 - Cannot read IP mode file for WES.I-CUBE-Cesium.1.4.0
2026-03-27 13:05:15,348 [WARN] PackLoader:240 - Cannot read IP mode file for STMicroelectronics.X-CUBE-AZRTOS-H7.3.4.0
2026-03-27 13:05:15,383 [WARN] PackLoader:240 - Cannot read IP mode file for STMicroelectronics.X-CUBE-DISPLAY.3.0.0
2026-03-27 13:05:15,437 [WARN] PackLoader:240 - Cannot read IP mode file for STMicroelectronics.FP-SNS-MOTENVWB1.1.5.0
2026-03-27 13:05:15,475 [WARN] PackLoader:240 - Cannot read IP mode file for STMicroelectronics.X-CUBE-NFC10.1.0.0
2026-03-27 13:05:15,502 [WARN] PackLoader:240 - Cannot read IP mode file for STMicroelectronics.X-CUBE-ST60.1.1.0
2026-03-27 13:05:15,523 [WARN] PackLoader:240 - Cannot read IP mode file for emotas.I-CUBE-CANOPEN.1.3.0
2026-03-27 13:05:15,538 [WARN] PackLoader:240 - Cannot read IP mode file for STMicroelectronics.X-CUBE-GNSS1.7.1.0
2026-03-27 13:05:15,562 [WARN] PackLoader:240 - Cannot read IP mode file for STMicroelectronics.FP-SNS-STBOX1.2.1.0
2026-03-27 13:05:15,576 [WARN] PackLoader:240 - Cannot read IP mode file for STMicroelectronics.FP-SNS-SMARTAG2.1.2.0
2026-03-27 13:05:15,588 [WARN] PackLoader:240 - Cannot read IP mode file for STMicroelectronics.FP-SNS-FLIGHT1.5.1.0
2026-03-27 13:05:15,597 [INFO] LogOutputStream:77 - [STDOUT_REDIRECT] 1 : Invalid condition id : UX_CORESTACK_Condition cause : null
2026-03-27 13:05:15,600 [INFO] LogOutputStream:77 - [STDOUT_REDIRECT] 1 : Invalid condition id : UX_CORESTACK_Condition cause : null
2026-03-27 13:05:15,600 [INFO] LogOutputStream:77 - [STDOUT_REDIRECT] 1 : Invalid condition id : UX_CORESTACK_Condition cause : null
2026-03-27 13:05:15,600 [INFO] LogOutputStream:77 - [STDOUT_REDIRECT] 1 : Invalid condition id : UX_CORESTACK_Condition cause : null
2026-03-27 13:05:15,600 [INFO] LogOutputStream:77 - [STDOUT_REDIRECT] 1 : Invalid condition id : UX_CORESTACK_Condition cause : null
2026-03-27 13:05:15,610 [WARN] PackLoader:240 - Cannot read IP mode file for STMicroelectronics.X-CUBE-AZRTOS-WL.2.0.0
2026-03-27 13:05:15,641 [WARN] PackLoader:240 - Cannot read IP mode file for STMicroelectronics.X-CUBE-AZRTOS-H7RS.1.2.0
2026-03-27 13:05:15,650 [WARN] PackLoader:240 - Cannot read IP mode file for STMicroelectronics.X-CUBE-BLE2.3.3.0
2026-03-27 13:05:15,701 [WARN] PackLoader:240 - Cannot read IP mode file for Infineon.AIROC-Wi-Fi-Bluetooth-STM32.1.8.0
2026-03-27 13:05:15,728 [WARN] PackLoader:240 - Cannot read IP mode file for STMicroelectronics.X-CUBE-NFC9.1.0.0
2026-03-27 13:05:15,748 [WARN] PackLoader:240 - Cannot read IP mode file for STMicroelectronics.X-CUBE-BLE1.7.1.0
2026-03-27 13:05:15,754 [WARN] PackLoader:240 - Cannot read IP mode file for wolfSSL.I-CUBE-wolfMQTT.1.19.2
2026-03-27 13:05:15,762 [WARN] PackLoader:240 - Cannot read IP mode file for STMicroelectronics.X-CUBE-FREERTOS.1.4.0
2026-03-27 13:05:15,772 [WARN] PackLoader:240 - Cannot read IP mode file for STMicroelectronics.X-CUBE-EEPRMA1.5.2.0
2026-03-27 13:05:15,783 [WARN] PackLoader:240 - Cannot read IP mode file for wolfSSL.I-CUBE-wolfSSL.5.8.4
2026-03-27 13:05:15,786 [WARN] PackLoader:240 - Cannot read IP mode file for Cesanta.I-CUBE-Mongoose.7.20.0
2026-03-27 13:05:15,860 [WARN] PackLoader:240 - Cannot read IP mode file for STMicroelectronics.X-CUBE-MEMS1.12.0.0
2026-03-27 13:05:15,989 [WARN] PackLoader:240 - Cannot read IP mode file for STMicroelectronics.X-CUBE-AZRTOS-G0.1.1.0
2026-03-27 13:05:16,004 [WARN] PackLoader:240 - Cannot read IP mode file for STMicroelectronics.X-CUBE-NFC4.3.0.0
2026-03-27 13:05:16,020 [WARN] PackLoader:240 - Cannot read IP mode file for EmbeddedOffice.I-CUBE-FS-RTOS.1.0.1
2026-03-27 13:05:16,028 [WARN] PackLoader:240 - Cannot read IP mode file for STMicroelectronics.X-CUBE-WB05N.2.0.0
2026-03-27 13:05:16,032 [WARN] PackLoader:240 - Cannot read IP mode file for wolfSSL.I-CUBE-wolfTPM.3.8.0
2026-03-27 13:05:16,037 [WARN] PackLoader:240 - Cannot read IP mode file for STMicroelectronics.X-CUBE-TCPP.4.2.0
2026-03-27 13:05:16,043 [WARN] PackLoader:240 - Cannot read IP mode file for RealThread.X-CUBE-RT-Thread_Nano.4.1.1
2026-03-27 13:05:16,049 [WARN] PackLoader:240 - Cannot read IP mode file for STMicroelectronics.FP-ATR-SIGFOX1.3.2.0
2026-03-27 13:05:16,057 [WARN] PackLoader:240 - Cannot read IP mode file for STMicroelectronics.X-CUBE-FREERTOS.1.5.0
2026-03-27 13:05:16,064 [WARN] PackLoader:240 - Cannot read IP mode file for ITTIA_DB.I-CUBE-ITTIADB.8.9.0
2026-03-27 13:05:16,072 [WARN] PackLoader:240 - Cannot read IP mode file for STMicroelectronics.X-CUBE-NFC6.3.2.0
2026-03-27 13:05:16,084 [WARN] PackLoader:240 - Cannot read IP mode file for STMicroelectronics.X-CUBE-AI.10.2.0
2026-03-27 13:05:16,125 [WARN] PackLoader:240 - Cannot read IP mode file for SEGGER.I-CUBE-embOS.1.3.1
2026-03-27 13:05:16,159 [WARN] PackLoader:240 - Cannot read IP mode file for STMicroelectronics.X-CUBE-ALGOBUILD.1.4.0
2026-03-27 13:05:16,166 [WARN] PackLoader:240 - Cannot read IP mode file for STMicroelectronics.X-CUBE-PM33A1.1.0.0
2026-03-27 13:05:16,185 [WARN] PackLoader:240 - Cannot read IP mode file for STMicroelectronics.X-CUBE-AZRTOS-F4.1.1.0
2026-03-27 13:05:16,198 [WARN] PackLoader:240 - Cannot read IP mode file for STMicroelectronics.X-CUBE-ISPU.2.1.0
2026-03-27 13:05:16,208 [WARN] PackLoader:240 - Cannot read IP mode file for STMicroelectronics.X-CUBE-IPS.3.2.0
2026-03-27 13:05:16,220 [WARN] PackLoader:240 - Cannot read IP mode file for STMicroelectronics.X-CUBE-NFC12.1.0.0
2026-03-27 13:05:16,238 [WARN] PackLoader:240 - Cannot read IP mode file for STMicroelectronics.X-CUBE-AZRTOS-L5.2.0.0
2026-03-27 13:05:16,250 [WARN] PackLoader:240 - Cannot read IP mode file for STMicroelectronics.X-CUBE-NFC6.3.1.0
2026-03-27 13:05:16,255 [WARN] PackLoader:240 - Cannot read IP mode file for STMicroelectronics.X-CUBE-TOUCHGFX.4.26.0
2026-03-27 13:05:16,257 [WARN] PackLoader:240 - Cannot read IP mode file for STMicroelectronics.X-CUBE-TOUCHGFX.4.26.1
2026-03-27 13:05:16,263 [WARN] PackLoader:240 - Cannot read IP mode file for STMicroelectronics.FP-SNS-STAIOTCFT.1.0.0
2026-03-27 13:05:16,272 [WARN] PackLoader:240 - Cannot read IP mode file for STMicroelectronics.X-CUBE-DPower.1.3.0
2026-03-27 13:05:16,294 [WARN] ConditionMgr:438 - getConditionDescription Invalid condition id : LAN8742 Phy interface Condition cause : null
2026-03-27 13:05:16,295 [WARN] PackLoader:240 - Cannot read IP mode file for STMicroelectronics.X-CUBE-AZRTOS-L4.2.0.0
2026-03-27 13:05:16,298 [WARN] ConditionMgr:1044 - genDependencies : Invalid condition id : LAN8742 Phy interface Condition cause : null
2026-03-27 13:05:16,299 [WARN] ConditionMgr:1044 - genDependencies : Invalid condition id : LAN8742 Phy interface Condition cause : null
2026-03-27 13:05:16,300 [WARN] ConditionMgr:1044 - genDependencies : Invalid condition id : LAN8742 Phy interface Condition cause : null
2026-03-27 13:05:16,307 [WARN] PackLoader:240 - Cannot read IP mode file for STMicroelectronics.X-CUBE-SFXS2LP1.4.0.0
2026-03-27 13:05:16,344 [WARN] PackLoader:240 - Cannot read IP mode file for STMicroelectronics.X-CUBE-ST67W61.1.2.0
2026-03-27 13:05:16,604 [WARN] PackLoader:240 - Cannot read IP mode file for STMicroelectronics.X-CUBE-BLEMGR.4.1.0
2026-03-27 13:05:16,659 [WARN] ConditionMgr:438 - getConditionDescription Invalid condition id : UX DEVICE CLASS RTOS Condition cause : null
2026-03-27 13:05:16,661 [WARN] ConditionMgr:438 - getConditionDescription Invalid condition id : UX DEVICE CLASS RTOS Condition cause : null
2026-03-27 13:05:16,665 [WARN] PackLoader:240 - Cannot read IP mode file for STMicroelectronics.X-CUBE-AZRTOS-WB.2.0.0
2026-03-27 13:05:16,666 [WARN] ConditionMgr:1044 - genDependencies : Invalid condition id : UX DEVICE CLASS RTOS Condition cause : null
2026-03-27 13:05:16,666 [WARN] ConditionMgr:1044 - genDependencies : Invalid condition id : UX DEVICE CLASS RTOS Condition cause : null
2026-03-27 13:05:16,668 [WARN] ConditionMgr:1044 - genDependencies : Invalid condition id : UX DEVICE CLASS RTOS Condition cause : null
2026-03-27 13:05:16,668 [WARN] ConditionMgr:1044 - genDependencies : Invalid condition id : UX DEVICE CLASS RTOS Condition cause : null
2026-03-27 13:05:16,668 [WARN] ConditionMgr:1044 - genDependencies : Invalid condition id : UX DEVICE CLASS RTOS Condition cause : null
2026-03-27 13:05:16,674 [WARN] ConditionMgr:438 - getConditionDescription Invalid condition id : Cortex-A Device cause : null
2026-03-27 13:05:16,701 [WARN] ConditionMgr:1044 - genDependencies : Invalid condition id : Cortex-A Device cause : null
2026-03-27 13:05:16,701 [WARN] ConditionMgr:1044 - genDependencies : Invalid condition id : Cortex-A Device cause : null
2026-03-27 13:05:16,701 [WARN] ConditionMgr:1044 - genDependencies : Invalid condition id : Cortex-A Device cause : null
2026-03-27 13:05:16,710 [WARN] PackLoader:240 - Cannot read IP mode file for STMicroelectronics.X-CUBE-STSE01.2.0.0
2026-03-27 13:05:16,729 [WARN] PackLoader:240 - Cannot read IP mode file for STMicroelectronics.X-CUBE-SUBG2.5.0.0
2026-03-27 13:05:16,748 [WARN] PackLoader:240 - Cannot read IP mode file for STMicroelectronics.X-CUBE-AZRTOS-G4.2.0.0
2026-03-27 13:05:16,752 [WARN] PackLoader:240 - Cannot read IP mode file for wolfSSL.I-CUBE-wolfSSH.1.4.20
2026-03-27 13:05:16,756 [WARN] PackLoader:240 - Cannot read IP mode file for STMicroelectronics.X-CUBE-NFC7.2.0.0
2026-03-27 13:05:16,759 [WARN] PackLoader:240 - Cannot read IP mode file for STMicroelectronics.X-CUBE-ALS.1.0.2
2026-03-27 13:05:16,768 [WARN] PackLoader:240 - Cannot read IP mode file for STMicroelectronics.X-CUBE-STSE01.1.0.0
2026-03-27 13:05:16,780 [WARN] PackLoader:240 - Cannot read IP mode file for STMicroelectronics.X-CUBE-TOF1.3.4.3
2026-03-27 13:05:16,808 [INFO] ThirdParty:978 - Integrity check success = true
2026-03-27 13:05:16,808 [INFO] IntegrityCheckThread:100 - exiting critical section [integrity check]
2026-03-27 13:05:16,808 [INFO] IntegrityCheckThread:103 - End integrity checks thread
2026-03-27 13:05:19,256 [INFO] WebApp:169 - Instantiating new browser for Auth
2026-03-27 13:05:20,783 [INFO] WebApp:463 - Apply proxy settings
2026-03-27 13:05:20,798 [INFO] WebApp:508 - Chromium authenticates against Manually configured proxy
2026-03-27 13:05:20,817 [INFO] WebApp:516 - Username used for proxy authentication: 
2026-03-27 13:05:20,873 [INFO] WebApp:900 - Register for checkConnection events
2026-03-27 13:05:20,879 [INFO] WebApp:463 - Apply proxy settings
2026-03-27 13:05:20,883 [INFO] WebApp:508 - Chromium authenticates against Manually configured proxy
2026-03-27 13:05:20,884 [INFO] WebApp:516 - Username used for proxy authentication: 
2026-03-27 13:05:21,046 [INFO] WebApp:225 - Starting web application
2026-03-27 13:05:21,046 [INFO] WebApp:593 - Web application path used /Applications/STM32CubeIDE.app/Contents/Eclipse/plugins/com.st.stm32cube.common.mx_6.15.0.202507011659/db/plugins/mcufinder/reactClient1/index.html
2026-03-27 13:05:21,603 [INFO] WebApp:191 - Connection restablished
2026-03-27 13:05:21,740 [INFO] UserAuth:487 - Internet connection configuration mode: 1
2026-03-27 13:10:42,284 [ERROR] LogOutputStream:75 - [STDERR_REDIRECT] 
2026-03-27 13:11:13,123 [INFO] Activator:176 - 


2026-03-27 13:11:13,124 [INFO] Activator:177 - !SESSION log4j initialized
2026-03-27 13:11:14,847 [INFO] LogOutputStream:77 - [STDOUT_REDIRECT] 
2026-03-27 13:11:15,832 [ERROR] LogOutputStream:75 - [STDERR_REDIRECT] 
2026-03-27 13:11:17,688 [INFO] LogOutputStream:77 - [STDOUT_REDIRECT] 
2026-03-27 13:11:19,439 [INFO] ApplicationProperties:184 - Using Application install path: /Applications/STM32CubeIDE.app/Contents/Eclipse/plugins/com.st.stm32cube.common.mx_6.15.0.202507011659
2026-03-27 13:11:19,451 [INFO] DbMcusXml:78 - Set database path to: /Applications/STM32CubeIDE.app/Contents/Eclipse/plugins/com.st.stm32cube.common.mx_6.15.0.202507011659//db//mcu/
2026-03-27 13:11:19,451 [INFO] ApiDb:274 - Set plugin database path to: /Applications/STM32CubeIDE.app/Contents/Eclipse/plugins/com.st.stm32cube.common.mx_6.15.0.202507011659//db//plugins/boardmanager/
2026-03-27 13:11:19,452 [WARN] ApiDb:259 - Overriding images path with different value:  => /Applications/STM32CubeIDE.app/Contents/Eclipse/plugins/com.st.stm32cube.common.mx_6.15.0.202507011659//db//plugins/mcufinder/images/
2026-03-27 13:11:19,456 [INFO] ApiDb:250 - Set database path to: /Users/bylka/.stmcufinder/plugins/mcufinder//mcu/
2026-03-27 13:11:19,457 [INFO] DbMcusAds:125 - Set database path to: /Users/bylka/.stmcufinder/plugins/mcufinder//mcu/
2026-03-27 13:11:19,458 [INFO] CrossReferenceDbSqlite:203 - Set database path to: /Users/bylka/.stmcufinder/plugins/mcufinder//mcu/cs/
2026-03-27 13:11:19,584 [INFO] RulesReader:64 - Compatibility file has been processed (317 Rules)
2026-03-27 13:11:19,627 [INFO] DbMcusXml:78 - Set database path to: /Applications/STM32CubeIDE.app/Contents/Eclipse/plugins/com.st.stm32cube.common.mx_6.15.0.202507011659//db//mcu/
2026-03-27 13:11:19,628 [INFO] ApiDb:274 - Set plugin database path to: /Applications/STM32CubeIDE.app/Contents/Eclipse/plugins/com.st.stm32cube.common.mx_6.15.0.202507011659//db//plugins/boardmanager/
2026-03-27 13:11:19,628 [INFO] ApiDb:261 - Set plugin images path to: /Applications/STM32CubeIDE.app/Contents/Eclipse/plugins/com.st.stm32cube.common.mx_6.15.0.202507011659//db//plugins/mcufinder/images/
2026-03-27 13:11:19,628 [WARN] DbFile:41 - Overriding database path with different value: /Users/bylka/.stmcufinder/plugins/mcufinder/ => /Users/bylka/.stmcufinder/plugins/mcufinder
2026-03-27 13:11:19,628 [INFO] ApiDb:250 - Set database path to: /Users/bylka/.stmcufinder/plugins/mcufinder//mcu/
2026-03-27 13:11:19,628 [WARN] DbFile:41 - Overriding database path with different value: /Users/bylka/.stmcufinder/plugins/mcufinder/ => /Users/bylka/.stmcufinder/plugins/mcufinder
2026-03-27 13:11:19,628 [INFO] DbMcusAds:125 - Set database path to: /Users/bylka/.stmcufinder/plugins/mcufinder//mcu/
2026-03-27 13:11:19,629 [WARN] DbFile:41 - Overriding database path with different value: /Users/bylka/.stmcufinder/plugins/mcufinder/ => /Users/bylka/.stmcufinder/plugins/mcufinder
2026-03-27 13:11:19,629 [WARN] DbFile:41 - Overriding database path with different value: /Users/bylka/.stmcufinder/plugins/mcufinder/ => /Users/bylka/.stmcufinder/plugins/mcufinder
2026-03-27 13:11:19,629 [INFO] CrossReferenceDbSqlite:203 - Set database path to: /Users/bylka/.stmcufinder/plugins/mcufinder//mcu/cs/
2026-03-27 13:11:19,690 [INFO] MainPanel:274 - HeapMemory: 268435456
2026-03-27 13:11:19,875 [INFO] DbMcusXml:78 - Set database path to: /Applications/STM32CubeIDE.app/Contents/Eclipse/plugins/com.st.stm32cube.common.mx_6.15.0.202507011659//db//mcu/
2026-03-27 13:11:19,875 [INFO] ApiDb:274 - Set plugin database path to: /Applications/STM32CubeIDE.app/Contents/Eclipse/plugins/com.st.stm32cube.common.mx_6.15.0.202507011659//db//plugins/boardmanager/
2026-03-27 13:11:19,875 [INFO] ApiDb:261 - Set plugin images path to: /Applications/STM32CubeIDE.app/Contents/Eclipse/plugins/com.st.stm32cube.common.mx_6.15.0.202507011659//db//plugins/mcufinder/images/
2026-03-27 13:11:19,876 [WARN] DbFile:41 - Overriding database path with different value: /Users/bylka/.stmcufinder/plugins/mcufinder/ => /Users/bylka/.stmcufinder/plugins/mcufinder
2026-03-27 13:11:19,876 [INFO] ApiDb:250 - Set database path to: /Users/bylka/.stmcufinder/plugins/mcufinder//mcu/
2026-03-27 13:11:19,876 [WARN] DbFile:41 - Overriding database path with different value: /Users/bylka/.stmcufinder/plugins/mcufinder/ => /Users/bylka/.stmcufinder/plugins/mcufinder
2026-03-27 13:11:19,876 [INFO] DbMcusAds:125 - Set database path to: /Users/bylka/.stmcufinder/plugins/mcufinder//mcu/
2026-03-27 13:11:19,876 [WARN] DbFile:41 - Overriding database path with different value: /Users/bylka/.stmcufinder/plugins/mcufinder/ => /Users/bylka/.stmcufinder/plugins/mcufinder
2026-03-27 13:11:19,876 [WARN] DbFile:41 - Overriding database path with different value: /Users/bylka/.stmcufinder/plugins/mcufinder/ => /Users/bylka/.stmcufinder/plugins/mcufinder
2026-03-27 13:11:19,876 [INFO] CrossReferenceDbSqlite:203 - Set database path to: /Users/bylka/.stmcufinder/plugins/mcufinder//mcu/cs/
2026-03-27 13:11:19,888 [INFO] ApplicationProperties:184 - Using Application install path: /Applications/STM32CubeIDE.app/Contents/Eclipse/plugins/com.st.stm32cube.common.mx_6.15.0.202507011659
2026-03-27 13:11:19,889 [INFO] PluginManage:196 - Search for loadable plugins [exclusion list=, ]
2026-03-27 13:11:19,890 [INFO] PluginManage:310 - Check plugin analytics
2026-03-27 13:11:20,086 [INFO] AnalyticsPlugin:253 - Accepted Software Licenses: 
2026-03-27 13:11:20,086 [INFO] AnalyticsPlugin:255 - Accepted CMSIS Pack Licenses: 
2026-03-27 13:11:20,086 [INFO] AnalyticsPlugin:257 - Accepted Firmware Licenses: FW.L4.1.18.0
2026-03-27 13:11:20,091 [INFO] PluginManage:359 - Loaded plugin analytics (category:tool,tabindex:-1)
2026-03-27 13:11:20,093 [INFO] PluginManage:310 - Check plugin cadmodel
2026-03-27 13:11:20,106 [INFO] CADModel:105 - Init CAD model plugin
2026-03-27 13:11:20,106 [INFO] PluginManage:359 - Loaded plugin cadmodel (category:power,tabindex:5)
2026-03-27 13:11:20,107 [INFO] PluginManage:310 - Check plugin clock
2026-03-27 13:11:20,116 [INFO] PluginManage:359 - Loaded plugin clock (category:base,tabindex:2)
2026-03-27 13:11:20,116 [INFO] PluginManage:310 - Check plugin ddr
2026-03-27 13:11:20,118 [INFO] PluginManage:359 - Loaded plugin ddr (category:tool,tabindex:6)
2026-03-27 13:11:20,118 [INFO] PluginManage:310 - Check plugin filemanager
2026-03-27 13:11:20,551 [INFO] PluginManage:359 - Loaded plugin filemanager (category:base,tabindex:10)
2026-03-27 13:11:20,555 [INFO] PluginManage:310 - Check plugin ipmanager
2026-03-27 13:11:20,604 [INFO] PluginManage:359 - Loaded plugin ipmanager (category:base,tabindex:5)
2026-03-27 13:11:20,605 [INFO] PluginManage:310 - Check plugin lpbam
2026-03-27 13:11:20,640 [INFO] PluginManage:359 - Loaded plugin lpbam (category:base,tabindex:0)
2026-03-27 13:11:20,640 [INFO] PluginManage:310 - Check plugin memorymap
2026-03-27 13:11:20,655 [INFO] PluginManage:359 - Loaded plugin memorymap (category:base,tabindex:4)
2026-03-27 13:11:20,656 [INFO] PluginManage:310 - Check plugin pinoutandconfiguration
2026-03-27 13:11:20,665 [INFO] PluginManage:359 - Loaded plugin pinoutandconfiguration (category:base,tabindex:1)
2026-03-27 13:11:20,665 [INFO] PluginManage:310 - Check plugin pinoutconfig
2026-03-27 13:11:20,752 [WARN] SupportedApi:132 - Cannot load RTOS API schema: s4s-elt-must-match.1: The content of 'definitions' must match (annotation?, (simpleType | complexType)?, (unique | key | keyref)*)). A problem was found starting at: attribute.
2026-03-27 13:11:20,958 [INFO] PluginManage:359 - Loaded plugin pinoutconfig (category:base,tabindex:0)
2026-03-27 13:11:20,958 [INFO] PluginManage:310 - Check plugin power
2026-03-27 13:11:20,971 [INFO] PluginManage:359 - Loaded plugin power (category:power,tabindex:4)
2026-03-27 13:11:20,971 [INFO] PluginManage:310 - Check plugin projectmanager
2026-03-27 13:11:20,999 [INFO] PluginManage:359 - Loaded plugin projectmanager (category:projectmanager,tabindex:4)
2026-03-27 13:11:20,999 [INFO] PluginManage:310 - Check plugin rif
2026-03-27 13:11:21,006 [INFO] PluginManage:359 - Loaded plugin rif (category:base,tabindex:3)
2026-03-27 13:11:21,006 [INFO] PluginManage:310 - Check plugin thirdparty
2026-03-27 13:11:21,164 [INFO] PluginManage:359 - Loaded plugin thirdparty (category:base,tabindex:-1)
2026-03-27 13:11:21,165 [INFO] PluginManage:310 - Check plugin tools
2026-03-27 13:11:21,170 [INFO] PluginManage:359 - Loaded plugin tools (category:base,tabindex:7)
2026-03-27 13:11:21,164 [WARN] IntegrityCheckThread:84 - waiting for thirdparty lock release [integrity check]
2026-03-27 13:11:21,171 [INFO] IntegrityCheckThread:86 - entering critical section [integrity check]
2026-03-27 13:11:21,171 [INFO] PluginManage:310 - Check plugin tutovideos
2026-03-27 13:11:21,172 [INFO] ThirdPartyUpdaterWithRetryManager:70 - Updater plugin not ready yet. [1/15]
2026-03-27 13:11:21,331 [INFO] PluginManage:359 - Loaded plugin tutovideos (category:base,tabindex:-1)
2026-03-27 13:11:21,331 [INFO] PluginManage:310 - Check plugin updater
2026-03-27 13:11:21,357 [INFO] PluginManage:359 - Loaded plugin updater (category:base,tabindex:12)
2026-03-27 13:11:21,357 [INFO] PluginManage:310 - Check plugin userauth
2026-03-27 13:11:21,361 [INFO] UserAuth:118 - Init User Auth plugin
2026-03-27 13:11:21,363 [INFO] PluginManage:359 - Loaded plugin userauth (category:base,tabindex:14)
2026-03-27 13:11:21,364 [INFO] PluginManage:283 - PluginManage : Loaded plugins [18]
2026-03-27 13:11:21,578 [INFO] PinOutPanel:1589 - setPackage(No Configuration,No Configuration)
2026-03-27 13:11:21,639 [INFO] CADModel:165 - CPN selected for project level
2026-03-27 13:11:21,639 [INFO] CADModel:114 - Register for checkConnection events
2026-03-27 13:11:21,647 [INFO] IPUIPlugin:80 - create IPUIPlugin
2026-03-27 13:11:21,648 [INFO] PluginManager:220 - loadIPPluginJar : add mdma
2026-03-27 13:11:21,651 [INFO] IPUIPlugin:80 - create IPUIPlugin
2026-03-27 13:11:21,652 [INFO] PluginManager:220 - loadIPPluginJar : add freertos
2026-03-27 13:11:21,654 [INFO] IPUIPlugin:80 - create IPUIPlugin
2026-03-27 13:11:21,654 [INFO] PluginManager:220 - loadIPPluginJar : add gic
2026-03-27 13:11:21,659 [INFO] IPUIPlugin:80 - create IPUIPlugin
2026-03-27 13:11:21,660 [INFO] PluginManager:220 - loadIPPluginJar : add adc
2026-03-27 13:11:21,661 [INFO] IPUIPlugin:80 - create IPUIPlugin
2026-03-27 13:11:21,661 [INFO] PluginManager:220 - loadIPPluginJar : add gtzc
2026-03-27 13:11:21,661 [INFO] IPUIPlugin:80 - create IPUIPlugin
2026-03-27 13:11:21,661 [INFO] PluginManager:220 - loadIPPluginJar : add quadspi
2026-03-27 13:11:21,662 [INFO] IPUIPlugin:80 - create IPUIPlugin
2026-03-27 13:11:21,662 [INFO] PluginManager:220 - loadIPPluginJar : add aes
2026-03-27 13:11:21,663 [INFO] IPUIPlugin:80 - create IPUIPlugin
2026-03-27 13:11:21,663 [INFO] PluginManager:220 - loadIPPluginJar : add pdm2pcm
2026-03-27 13:11:21,664 [INFO] IPUIPlugin:80 - create IPUIPlugin
2026-03-27 13:11:21,664 [INFO] PluginManager:220 - loadIPPluginJar : add hash
2026-03-27 13:11:21,664 [INFO] IPUIPlugin:80 - create IPUIPlugin
2026-03-27 13:11:21,665 [INFO] PluginManager:220 - loadIPPluginJar : add tim
2026-03-27 13:11:21,665 [INFO] IPUIPlugin:80 - create IPUIPlugin
2026-03-27 13:11:21,665 [INFO] PluginManager:220 - loadIPPluginJar : add tsc
2026-03-27 13:11:21,666 [INFO] IPUIPlugin:80 - create IPUIPlugin
2026-03-27 13:11:21,666 [INFO] PluginManager:220 - loadIPPluginJar : add extmemmanager
2026-03-27 13:11:21,667 [INFO] IPUIPlugin:80 - create IPUIPlugin
2026-03-27 13:11:21,667 [INFO] PluginManager:220 - loadIPPluginJar : add ts
2026-03-27 13:11:21,668 [INFO] IPUIPlugin:80 - create IPUIPlugin
2026-03-27 13:11:21,668 [INFO] PluginManager:220 - loadIPPluginJar : add radio
2026-03-27 13:11:21,669 [INFO] IPUIPlugin:80 - create IPUIPlugin
2026-03-27 13:11:21,669 [INFO] PluginManager:220 - loadIPPluginJar : add can
2026-03-27 13:11:21,670 [INFO] IPUIPlugin:80 - create IPUIPlugin
2026-03-27 13:11:21,670 [INFO] PluginManager:220 - loadIPPluginJar : add dma3
2026-03-27 13:11:21,671 [INFO] IPUIPlugin:80 - create IPUIPlugin
2026-03-27 13:11:21,671 [INFO] PluginManager:220 - loadIPPluginJar : add dfsdm
2026-03-27 13:11:21,672 [INFO] IPUIPlugin:80 - create IPUIPlugin
2026-03-27 13:11:21,672 [INFO] PluginManager:220 - loadIPPluginJar : add spi
2026-03-27 13:11:21,673 [INFO] IPUIPlugin:80 - create IPUIPlugin
2026-03-27 13:11:21,673 [INFO] PluginManager:220 - loadIPPluginJar : add gfxmmu
2026-03-27 13:11:21,674 [INFO] IPUIPlugin:80 - create IPUIPlugin
2026-03-27 13:11:21,674 [INFO] PluginManager:220 - loadIPPluginJar : add genericplugin
2026-03-27 13:11:21,675 [INFO] IPUIPlugin:80 - create IPUIPlugin
2026-03-27 13:11:21,675 [INFO] PluginManager:220 - loadIPPluginJar : add cryp
2026-03-27 13:11:21,677 [INFO] IPUIPlugin:80 - create IPUIPlugin
2026-03-27 13:11:21,677 [INFO] PluginManager:220 - loadIPPluginJar : add gpio
2026-03-27 13:11:21,679 [INFO] IPUIPlugin:80 - create IPUIPlugin
2026-03-27 13:11:21,679 [INFO] PluginManager:220 - loadIPPluginJar : add ddr_ctrl_phy
2026-03-27 13:11:21,680 [INFO] IPUIPlugin:80 - create IPUIPlugin
2026-03-27 13:11:21,680 [INFO] PluginManager:220 - loadIPPluginJar : add comp
2026-03-27 13:11:21,682 [INFO] IPUIPlugin:80 - create IPUIPlugin
2026-03-27 13:11:21,683 [INFO] PluginManager:220 - loadIPPluginJar : add tracer_emb
2026-03-27 13:11:21,684 [INFO] IPUIPlugin:80 - create IPUIPlugin
2026-03-27 13:11:21,684 [INFO] PluginManager:220 - loadIPPluginJar : add openamp
2026-03-27 13:11:21,686 [INFO] IPUIPlugin:80 - create IPUIPlugin
2026-03-27 13:11:21,687 [INFO] PluginManager:220 - loadIPPluginJar : add stm32_wpan
2026-03-27 13:11:21,689 [INFO] IPUIPlugin:80 - create IPUIPlugin
2026-03-27 13:11:21,690 [INFO] PluginManager:220 - loadIPPluginJar : add plateformsettings
2026-03-27 13:11:21,692 [INFO] IPUIPlugin:80 - create IPUIPlugin
2026-03-27 13:11:21,692 [INFO] PluginManager:220 - loadIPPluginJar : add ipddr
2026-03-27 13:11:21,693 [INFO] IPUIPlugin:80 - create IPUIPlugin
2026-03-27 13:11:21,693 [INFO] PluginManager:220 - loadIPPluginJar : add usart
2026-03-27 13:11:21,694 [INFO] IPUIPlugin:80 - create IPUIPlugin
2026-03-27 13:11:21,694 [INFO] PluginManager:220 - loadIPPluginJar : add ltdc
2026-03-27 13:11:21,695 [INFO] IPUIPlugin:80 - create IPUIPlugin
2026-03-27 13:11:21,695 [INFO] PluginManager:220 - loadIPPluginJar : add nvic
2026-03-27 13:11:21,696 [INFO] IPUIPlugin:80 - create IPUIPlugin
2026-03-27 13:11:21,696 [INFO] PluginManager:220 - loadIPPluginJar : add fatfs
2026-03-27 13:11:21,699 [INFO] IPUIPlugin:80 - create IPUIPlugin
2026-03-27 13:11:21,699 [INFO] PluginManager:220 - loadIPPluginJar : add linkedlist
2026-03-27 13:11:21,702 [INFO] IPUIPlugin:80 - create IPUIPlugin
2026-03-27 13:11:21,702 [INFO] PluginManager:220 - loadIPPluginJar : add dma
2026-03-27 13:11:21,703 [INFO] IPUIPlugin:80 - create IPUIPlugin
2026-03-27 13:11:21,704 [INFO] PluginManager:220 - loadIPPluginJar : add fmc
2026-03-27 13:11:21,705 [INFO] IPUIPlugin:80 - create IPUIPlugin
2026-03-27 13:11:21,705 [INFO] PluginManager:220 - loadIPPluginJar : add i2s
2026-03-27 13:11:21,705 [INFO] IPUIPlugin:80 - create IPUIPlugin
2026-03-27 13:11:21,705 [INFO] PluginManager:220 - loadIPPluginJar : add ucpd
2026-03-27 13:11:21,706 [INFO] IPUIPlugin:80 - create IPUIPlugin
2026-03-27 13:11:21,706 [INFO] PluginManager:220 - loadIPPluginJar : add lorawan
2026-03-27 13:11:21,708 [INFO] IPUIPlugin:80 - create IPUIPlugin
2026-03-27 13:11:21,708 [INFO] PluginManager:220 - loadIPPluginJar : add opamp
2026-03-27 13:11:21,710 [INFO] IPUIPlugin:80 - create IPUIPlugin
2026-03-27 13:11:21,710 [INFO] PluginManager:220 - loadIPPluginJar : add i3c
2026-03-27 13:11:21,711 [INFO] IPUIPlugin:80 - create IPUIPlugin
2026-03-27 13:11:21,711 [INFO] PluginManager:220 - loadIPPluginJar : add touchsensing
2026-03-27 13:11:21,713 [INFO] IPUIPlugin:80 - create IPUIPlugin
2026-03-27 13:11:21,713 [INFO] PluginManager:220 - loadIPPluginJar : add i2c
2026-03-27 13:11:21,714 [INFO] IPUIPlugin:80 - create IPUIPlugin
2026-03-27 13:11:21,714 [INFO] PluginManager:220 - loadIPPluginJar : add resmgrutility
2026-03-27 13:11:21,715 [INFO] IPUIPlugin:80 - create IPUIPlugin
2026-03-27 13:11:21,715 [INFO] PluginManager:220 - loadIPPluginJar : add sai
2026-03-27 13:11:21,717 [INFO] IPUIPlugin:80 - create IPUIPlugin
2026-03-27 13:11:21,717 [INFO] PluginManager:220 - loadIPPluginJar : add usbx
2026-03-27 13:11:21,823 [FATAL] Updater:351 - Updater called before beeing initialized
2026-03-27 13:11:21,879 [INFO] RulesReader:64 - Compatibility file has been processed (317 Rules)
2026-03-27 13:11:21,895 [INFO] RulesReader:64 - Compatibility file has been processed (317 Rules)
2026-03-27 13:11:21,904 [INFO] CADModel:165 - CPN selected for project level
2026-03-27 13:11:21,904 [INFO] CADModel:114 - Register for checkConnection events
2026-03-27 13:11:21,904 [FATAL] Updater:351 - Updater called before beeing initialized
2026-03-27 13:11:21,904 [ERROR] CADModel:125 - Updater not yet initialized, retry later 
2026-03-27 13:11:22,140 [FATAL] Updater:351 - Updater called before beeing initialized
2026-03-27 13:11:22,141 [INFO] CADModel:165 - CPN selected for project level
2026-03-27 13:11:22,141 [INFO] CADModel:114 - Register for checkConnection events
2026-03-27 13:11:22,141 [FATAL] Updater:351 - Updater called before beeing initialized
2026-03-27 13:11:22,141 [ERROR] CADModel:125 - Updater not yet initialized, retry later 
2026-03-27 13:11:22,143 [FATAL] Updater:351 - Updater called before beeing initialized
2026-03-27 13:11:22,300 [FATAL] Updater:351 - Updater called before beeing initialized
2026-03-27 13:11:22,307 [INFO] DbMcusAds:53 - JSON generation date=Thu Mar 05 16:32:52 EET 2026 (1772721172890)
2026-03-27 13:11:22,307 [FATAL] Updater:351 - Updater called before beeing initialized
2026-03-27 13:11:22,353 [WARN] DetailPanel:346 - Failed to get advertising image, set to default
2026-03-27 13:11:22,418 [FATAL] Updater:351 - Updater called before beeing initialized
2026-03-27 13:11:22,422 [FATAL] Updater:351 - Updater called before beeing initialized
2026-03-27 13:11:22,423 [FATAL] Updater:351 - Updater called before beeing initialized
2026-03-27 13:11:22,424 [WARN] DetailPanel:346 - Failed to get advertising image, set to default
2026-03-27 13:11:22,428 [FATAL] Updater:351 - Updater called before beeing initialized
2026-03-27 13:11:22,501 [ERROR] Updater:1198 - MainUpdater not yet initialized. External WinMGr cannot be set.
2026-03-27 13:11:22,511 [INFO] Updater:1134 - Updater Version found : 6.15.0
2026-03-27 13:11:22,522 [INFO] ApplicationProperties:184 - Using Application install path: /Applications/STM32CubeIDE.app/Contents/Eclipse/plugins/com.st.stm32cube.common.mx_6.15.0.202507011659
2026-03-27 13:11:22,928 [INFO] MainUpdater:2872 - connection check result : 10
2026-03-27 13:11:22,930 [INFO] MainUpdater:289 - Updater Check For Update Now.
2026-03-27 13:11:22,930 [INFO] MicroXplorer:498 - Change Database Version : DB.6.0.150
2026-03-27 13:11:22,941 [INFO] McuFinderGlobals:63 - Set McuFinder mode to 2 (CubeIDE integrated)
2026-03-27 13:11:22,944 [INFO] UserAuth:487 - Internet connection configuration mode: 1
2026-03-27 13:11:22,966 [INFO] JxBrowserEngine:152 - Initiate JxBrowser Engine with user profile folder
2026-03-27 13:11:23,230 [INFO] CheckServerUpdateThread:120 - End of CheckServer Thread
2026-03-27 13:11:24,420 [WARN] PackLoader:240 - Cannot read IP mode file for STMicroelectronics.X-CUBE-AZRTOS-H7.3.5.0
2026-03-27 13:11:24,468 [WARN] PackLoader:240 - Cannot read IP mode file for STMicroelectronics.FP-SNS-MOTENVWB1.1.4.0
2026-03-27 13:11:24,481 [WARN] PackLoader:240 - Cannot read IP mode file for STMicroelectronics.FP-ATR-ASTRA1.2.0.2
2026-03-27 13:11:24,489 [WARN] PackLoader:240 - Cannot read IP mode file for STMicroelectronics.X-CUBE-SMBUS.2.1.0
2026-03-27 13:11:24,538 [WARN] PackLoader:240 - Cannot read IP mode file for STMicroelectronics.X-CUBE-AZRTOS-F7.1.1.0
2026-03-27 13:11:24,571 [WARN] PackLoader:240 - Cannot read IP mode file for STMicroelectronics.FP-SNS-MOTENV1.5.1.0
2026-03-27 13:11:24,589 [WARN] PackLoader:240 - Cannot read IP mode file for WES.I-CUBE-Cesium.1.4.0
2026-03-27 13:11:24,657 [WARN] PackLoader:240 - Cannot read IP mode file for STMicroelectronics.X-CUBE-AZRTOS-H7.3.4.0
2026-03-27 13:11:24,698 [WARN] PackLoader:240 - Cannot read IP mode file for STMicroelectronics.X-CUBE-DISPLAY.3.0.0
2026-03-27 13:11:24,717 [WARN] PackLoader:240 - Cannot read IP mode file for STMicroelectronics.FP-SNS-MOTENVWB1.1.5.0
2026-03-27 13:11:24,743 [WARN] PackLoader:240 - Cannot read IP mode file for STMicroelectronics.X-CUBE-NFC10.1.0.0
2026-03-27 13:11:24,763 [WARN] PackLoader:240 - Cannot read IP mode file for STMicroelectronics.X-CUBE-ST60.1.1.0
2026-03-27 13:11:24,776 [WARN] PackLoader:240 - Cannot read IP mode file for emotas.I-CUBE-CANOPEN.1.3.0
2026-03-27 13:11:24,789 [WARN] PackLoader:240 - Cannot read IP mode file for STMicroelectronics.X-CUBE-GNSS1.7.1.0
2026-03-27 13:11:24,803 [WARN] PackLoader:240 - Cannot read IP mode file for STMicroelectronics.FP-SNS-STBOX1.2.1.0
2026-03-27 13:11:24,817 [WARN] PackLoader:240 - Cannot read IP mode file for STMicroelectronics.FP-SNS-SMARTAG2.1.2.0
2026-03-27 13:11:24,822 [WARN] PackLoader:240 - Cannot read IP mode file for STMicroelectronics.FP-SNS-FLIGHT1.5.1.0
2026-03-27 13:11:24,834 [INFO] LogOutputStream:77 - [STDOUT_REDIRECT] 1 : Invalid condition id : UX_CORESTACK_Condition cause : null
2026-03-27 13:11:24,836 [INFO] LogOutputStream:77 - [STDOUT_REDIRECT] 1 : Invalid condition id : UX_CORESTACK_Condition cause : null
2026-03-27 13:11:24,836 [INFO] LogOutputStream:77 - [STDOUT_REDIRECT] 1 : Invalid condition id : UX_CORESTACK_Condition cause : null
2026-03-27 13:11:24,837 [INFO] LogOutputStream:77 - [STDOUT_REDIRECT] 1 : Invalid condition id : UX_CORESTACK_Condition cause : null
2026-03-27 13:11:24,837 [INFO] LogOutputStream:77 - [STDOUT_REDIRECT] 1 : Invalid condition id : UX_CORESTACK_Condition cause : null
2026-03-27 13:11:24,845 [WARN] PackLoader:240 - Cannot read IP mode file for STMicroelectronics.X-CUBE-AZRTOS-WL.2.0.0
2026-03-27 13:11:24,871 [WARN] PackLoader:240 - Cannot read IP mode file for STMicroelectronics.X-CUBE-AZRTOS-H7RS.1.2.0
2026-03-27 13:11:24,882 [WARN] PackLoader:240 - Cannot read IP mode file for STMicroelectronics.X-CUBE-BLE2.3.3.0
2026-03-27 13:11:24,936 [WARN] PackLoader:240 - Cannot read IP mode file for Infineon.AIROC-Wi-Fi-Bluetooth-STM32.1.8.0
2026-03-27 13:11:24,960 [WARN] PackLoader:240 - Cannot read IP mode file for STMicroelectronics.X-CUBE-NFC9.1.0.0
2026-03-27 13:11:24,977 [WARN] PackLoader:240 - Cannot read IP mode file for STMicroelectronics.X-CUBE-BLE1.7.1.0
2026-03-27 13:11:24,981 [WARN] PackLoader:240 - Cannot read IP mode file for wolfSSL.I-CUBE-wolfMQTT.1.19.2
2026-03-27 13:11:24,988 [WARN] PackLoader:240 - Cannot read IP mode file for STMicroelectronics.X-CUBE-FREERTOS.1.4.0
2026-03-27 13:11:24,994 [WARN] PackLoader:240 - Cannot read IP mode file for STMicroelectronics.X-CUBE-EEPRMA1.5.2.0
2026-03-27 13:11:25,003 [WARN] PackLoader:240 - Cannot read IP mode file for wolfSSL.I-CUBE-wolfSSL.5.8.4
2026-03-27 13:11:25,008 [WARN] PackLoader:240 - Cannot read IP mode file for Cesanta.I-CUBE-Mongoose.7.20.0
2026-03-27 13:11:25,102 [WARN] PackLoader:240 - Cannot read IP mode file for STMicroelectronics.X-CUBE-MEMS1.12.0.0
2026-03-27 13:11:25,200 [WARN] PackLoader:240 - Cannot read IP mode file for STMicroelectronics.X-CUBE-AZRTOS-G0.1.1.0
2026-03-27 13:11:25,210 [WARN] PackLoader:240 - Cannot read IP mode file for STMicroelectronics.X-CUBE-NFC4.3.0.0
2026-03-27 13:11:25,226 [WARN] PackLoader:240 - Cannot read IP mode file for EmbeddedOffice.I-CUBE-FS-RTOS.1.0.1
2026-03-27 13:11:25,234 [WARN] PackLoader:240 - Cannot read IP mode file for STMicroelectronics.X-CUBE-WB05N.2.0.0
2026-03-27 13:11:25,237 [WARN] PackLoader:240 - Cannot read IP mode file for wolfSSL.I-CUBE-wolfTPM.3.8.0
2026-03-27 13:11:25,243 [WARN] PackLoader:240 - Cannot read IP mode file for STMicroelectronics.X-CUBE-TCPP.4.2.0
2026-03-27 13:11:25,248 [WARN] PackLoader:240 - Cannot read IP mode file for RealThread.X-CUBE-RT-Thread_Nano.4.1.1
2026-03-27 13:11:25,251 [WARN] PackLoader:240 - Cannot read IP mode file for STMicroelectronics.FP-ATR-SIGFOX1.3.2.0
2026-03-27 13:11:25,258 [WARN] PackLoader:240 - Cannot read IP mode file for STMicroelectronics.X-CUBE-FREERTOS.1.5.0
2026-03-27 13:11:25,266 [WARN] PackLoader:240 - Cannot read IP mode file for ITTIA_DB.I-CUBE-ITTIADB.8.9.0
2026-03-27 13:11:25,275 [WARN] PackLoader:240 - Cannot read IP mode file for STMicroelectronics.X-CUBE-NFC6.3.2.0
2026-03-27 13:11:25,287 [WARN] PackLoader:240 - Cannot read IP mode file for STMicroelectronics.X-CUBE-AI.10.2.0
2026-03-27 13:11:25,487 [WARN] PackLoader:240 - Cannot read IP mode file for SEGGER.I-CUBE-embOS.1.3.1
2026-03-27 13:11:25,849 [WARN] PackLoader:240 - Cannot read IP mode file for STMicroelectronics.X-CUBE-ALGOBUILD.1.4.0
2026-03-27 13:11:25,919 [WARN] PackLoader:240 - Cannot read IP mode file for STMicroelectronics.X-CUBE-PM33A1.1.0.0
2026-03-27 13:11:25,954 [WARN] PackLoader:240 - Cannot read IP mode file for STMicroelectronics.X-CUBE-AZRTOS-F4.1.1.0
2026-03-27 13:11:25,973 [WARN] PackLoader:240 - Cannot read IP mode file for STMicroelectronics.X-CUBE-ISPU.2.1.0
2026-03-27 13:11:25,989 [WARN] PackLoader:240 - Cannot read IP mode file for STMicroelectronics.X-CUBE-IPS.3.2.0
2026-03-27 13:11:26,005 [WARN] PackLoader:240 - Cannot read IP mode file for STMicroelectronics.X-CUBE-NFC12.1.0.0
2026-03-27 13:11:26,032 [WARN] PackLoader:240 - Cannot read IP mode file for STMicroelectronics.X-CUBE-AZRTOS-L5.2.0.0
2026-03-27 13:11:26,045 [WARN] PackLoader:240 - Cannot read IP mode file for STMicroelectronics.X-CUBE-NFC6.3.1.0
2026-03-27 13:11:26,071 [WARN] PackLoader:240 - Cannot read IP mode file for STMicroelectronics.X-CUBE-TOUCHGFX.4.26.0
2026-03-27 13:11:26,074 [WARN] PackLoader:240 - Cannot read IP mode file for STMicroelectronics.X-CUBE-TOUCHGFX.4.26.1
2026-03-27 13:11:26,085 [WARN] PackLoader:240 - Cannot read IP mode file for STMicroelectronics.FP-SNS-STAIOTCFT.1.0.0
2026-03-27 13:11:26,098 [WARN] PackLoader:240 - Cannot read IP mode file for STMicroelectronics.X-CUBE-DPower.1.3.0
2026-03-27 13:11:26,119 [WARN] ConditionMgr:438 - getConditionDescription Invalid condition id : LAN8742 Phy interface Condition cause : null
2026-03-27 13:11:26,121 [WARN] PackLoader:240 - Cannot read IP mode file for STMicroelectronics.X-CUBE-AZRTOS-L4.2.0.0
2026-03-27 13:11:26,124 [WARN] ConditionMgr:1044 - genDependencies : Invalid condition id : LAN8742 Phy interface Condition cause : null
2026-03-27 13:11:26,125 [WARN] ConditionMgr:1044 - genDependencies : Invalid condition id : LAN8742 Phy interface Condition cause : null
2026-03-27 13:11:26,127 [WARN] ConditionMgr:1044 - genDependencies : Invalid condition id : LAN8742 Phy interface Condition cause : null
2026-03-27 13:11:26,138 [WARN] PackLoader:240 - Cannot read IP mode file for STMicroelectronics.X-CUBE-SFXS2LP1.4.0.0
2026-03-27 13:11:26,150 [WARN] PackLoader:240 - Cannot read IP mode file for STMicroelectronics.X-CUBE-ST67W61.1.2.0
2026-03-27 13:11:26,177 [WARN] PackLoader:240 - Cannot read IP mode file for STMicroelectronics.X-CUBE-BLEMGR.4.1.0
2026-03-27 13:11:26,205 [WARN] ConditionMgr:438 - getConditionDescription Invalid condition id : UX DEVICE CLASS RTOS Condition cause : null
2026-03-27 13:11:26,206 [WARN] ConditionMgr:438 - getConditionDescription Invalid condition id : UX DEVICE CLASS RTOS Condition cause : null
2026-03-27 13:11:26,210 [WARN] PackLoader:240 - Cannot read IP mode file for STMicroelectronics.X-CUBE-AZRTOS-WB.2.0.0
2026-03-27 13:11:26,211 [WARN] ConditionMgr:1044 - genDependencies : Invalid condition id : UX DEVICE CLASS RTOS Condition cause : null
2026-03-27 13:11:26,211 [WARN] ConditionMgr:1044 - genDependencies : Invalid condition id : UX DEVICE CLASS RTOS Condition cause : null
2026-03-27 13:11:26,211 [WARN] ConditionMgr:1044 - genDependencies : Invalid condition id : UX DEVICE CLASS RTOS Condition cause : null
2026-03-27 13:11:26,212 [WARN] ConditionMgr:1044 - genDependencies : Invalid condition id : UX DEVICE CLASS RTOS Condition cause : null
2026-03-27 13:11:26,212 [WARN] ConditionMgr:1044 - genDependencies : Invalid condition id : UX DEVICE CLASS RTOS Condition cause : null
2026-03-27 13:11:26,216 [WARN] ConditionMgr:438 - getConditionDescription Invalid condition id : Cortex-A Device cause : null
2026-03-27 13:11:26,243 [WARN] ConditionMgr:1044 - genDependencies : Invalid condition id : Cortex-A Device cause : null
2026-03-27 13:11:26,243 [WARN] ConditionMgr:1044 - genDependencies : Invalid condition id : Cortex-A Device cause : null
2026-03-27 13:11:26,243 [WARN] ConditionMgr:1044 - genDependencies : Invalid condition id : Cortex-A Device cause : null
2026-03-27 13:11:26,250 [WARN] PackLoader:240 - Cannot read IP mode file for STMicroelectronics.X-CUBE-STSE01.2.0.0
2026-03-27 13:11:26,273 [WARN] PackLoader:240 - Cannot read IP mode file for STMicroelectronics.X-CUBE-SUBG2.5.0.0
2026-03-27 13:11:26,318 [WARN] PackLoader:240 - Cannot read IP mode file for STMicroelectronics.X-CUBE-AZRTOS-G4.2.0.0
2026-03-27 13:11:26,331 [WARN] PackLoader:240 - Cannot read IP mode file for wolfSSL.I-CUBE-wolfSSH.1.4.20
2026-03-27 13:11:26,336 [WARN] PackLoader:240 - Cannot read IP mode file for STMicroelectronics.X-CUBE-NFC7.2.0.0
2026-03-27 13:11:26,340 [WARN] PackLoader:240 - Cannot read IP mode file for STMicroelectronics.X-CUBE-ALS.1.0.2
2026-03-27 13:11:26,357 [WARN] PackLoader:240 - Cannot read IP mode file for STMicroelectronics.X-CUBE-STSE01.1.0.0
2026-03-27 13:11:26,374 [WARN] PackLoader:240 - Cannot read IP mode file for STMicroelectronics.X-CUBE-TOF1.3.4.3
2026-03-27 13:11:26,396 [INFO] ThirdParty:978 - Integrity check success = true
2026-03-27 13:11:26,397 [INFO] IntegrityCheckThread:100 - exiting critical section [integrity check]
2026-03-27 13:11:26,397 [INFO] IntegrityCheckThread:103 - End integrity checks thread
2026-03-27 13:11:27,011 [INFO] WebApp:169 - Instantiating new browser for Auth
2026-03-27 13:11:28,156 [INFO] WebApp:463 - Apply proxy settings
2026-03-27 13:11:28,167 [INFO] WebApp:508 - Chromium authenticates against Manually configured proxy
2026-03-27 13:11:28,181 [INFO] WebApp:516 - Username used for proxy authentication: 
2026-03-27 13:11:28,217 [INFO] WebApp:900 - Register for checkConnection events
2026-03-27 13:11:28,217 [INFO] WebApp:463 - Apply proxy settings
2026-03-27 13:11:28,220 [INFO] WebApp:508 - Chromium authenticates against Manually configured proxy
2026-03-27 13:11:28,220 [INFO] WebApp:516 - Username used for proxy authentication: 
2026-03-27 13:11:28,372 [INFO] WebApp:225 - Starting web application
2026-03-27 13:11:28,372 [INFO] WebApp:593 - Web application path used /Applications/STM32CubeIDE.app/Contents/Eclipse/plugins/com.st.stm32cube.common.mx_6.15.0.202507011659/db/plugins/mcufinder/reactClient1/index.html
2026-03-27 13:11:28,923 [INFO] WebApp:191 - Connection restablished
2026-03-27 13:11:28,936 [INFO] UserAuth:487 - Internet connection configuration mode: 1
2026-03-27 13:11:35,587 [ERROR] LogOutputStream:75 - [STDERR_REDIRECT] 
